<?xml version="1.0" encoding="UTF-8" ?>
<testsuite failures="0" time="0.057" errors="0" skipped="0" tests="10" name="org.sonatype.nmaven.compiler.NetCompilerConfigTest">
  <properties>
[...]
</properties>
  <testcase time="0.011" name="verifyCompilerConfig"/>
  <testcase time="0.003" name="verifyCompilerConfig_WithNullArtifactType"/>
  <testcase time="0.003" name="verifyCompilerConfig_WithNullCompilerPlatformVersion"/>
  <testcase time="0.002" name="verifyCompilerConfig_WithNullLocalRepository"/>
  <testcase time="0.001" name="verifyCompilerConfig_WithNullProgrammingLanguage"/>
  <testcase time="0.004" name="verifyCompilerConfig_WithNullSourceDirectory"/>
  <testcase time="0.004" name="verifyCompilerConfig_WithMissingSourceDirectory"/>
  <testcase time="0.003" name="verifyCompilerConfig_WithNullTargetDirectory"/>
  <testcase time="0.002" name="verifyCompilerConfig_WithMissingTargetDirectory"/>
  <testcase time="0.002" name="verifyCompilerConfig_WithNullVendor"/>
</testsuite>